<?xml version="1.0" encoding="UTF-8"?>
<testng-results ignored="0" total="1" passed="0" failed="1" skipped="0">
  <reporter-output>
  </reporter-output>
  <suite started-at="2022-07-12T19:47:06 IST" name="Default suite" finished-at="2022-07-12T19:48:10 IST" duration-ms="63826">
    <groups>
    </groups>
    <test started-at="2022-07-12T19:47:06 IST" name="Default test" finished-at="2022-07-12T19:48:10 IST" duration-ms="63826">
      <class name="appiumdemo1.ScrollAndRadioButton">
        <test-method is-config="true" signature="setUp()[pri:0, instance:appiumdemo1.ScrollAndRadioButton@4d02f94e]" started-at="2022-07-12T19:47:06 IST" name="setUp" finished-at="2022-07-12T19:47:58 IST" duration-ms="52193" status="PASS">
          <reporter-output>
          </reporter-output>
        </test-method> <!-- setUp -->
        <test-method signature="PutSomethingInView()[pri:0, instance:appiumdemo1.ScrollAndRadioButton@4d02f94e]" started-at="2022-07-12T19:47:58 IST" name="PutSomethingInView" finished-at="2022-07-12T19:48:01 IST" duration-ms="2559" status="FAIL">
          <exception class="java.lang.ClassCastException">
            <message>
              <![CDATA[class java.util.ArrayList cannot be cast to class io.appium.java_client.MobileElement (java.util.ArrayList is in module java.base of loader 'bootstrap'; io.appium.java_client.MobileElement is in unnamed module of loader 'app')]]>
            </message>
            <full-stacktrace>
              <![CDATA[java.lang.ClassCastException: class java.util.ArrayList cannot be cast to class io.appium.java_client.MobileElement (java.util.ArrayList is in module java.base of loader 'bootstrap'; io.appium.java_client.MobileElement is in unnamed module of loader 'app')
at appiumdemo1.ScrollAndRadioButton.getTextviewByText(ScrollAndRadioButton.java:43)
at appiumdemo1.ScrollAndRadioButton.PutSomethingInView(ScrollAndRadioButton.java:65)
at java.base/jdk.internal.reflect.NativeMethodAccessorImpl.invoke0(Native Method)
at java.base/jdk.internal.reflect.NativeMethodAccessorImpl.invoke(NativeMethodAccessorImpl.java:77)
at java.base/jdk.internal.reflect.DelegatingMethodAccessorImpl.invoke(DelegatingMethodAccessorImpl.java:43)
at java.base/java.lang.reflect.Method.invoke(Method.java:568)
at org.testng.internal.MethodInvocationHelper.invokeMethod(MethodInvocationHelper.java:133)
at org.testng.internal.TestInvoker.invokeMethod(TestInvoker.java:598)
at org.testng.internal.TestInvoker.invokeTestMethod(TestInvoker.java:173)
at org.testng.internal.MethodRunner.runInSequence(MethodRunner.java:46)
at org.testng.internal.TestInvoker$MethodInvocationAgent.invoke(TestInvoker.java:824)
at org.testng.internal.TestInvoker.invokeTestMethods(TestInvoker.java:146)
at org.testng.internal.TestMethodWorker.invokeTestMethods(TestMethodWorker.java:146)
at org.testng.internal.TestMethodWorker.run(TestMethodWorker.java:128)
at java.base/java.util.ArrayList.forEach(ArrayList.java:1511)
at org.testng.TestRunner.privateRun(TestRunner.java:794)
at org.testng.TestRunner.run(TestRunner.java:596)
at org.testng.SuiteRunner.runTest(SuiteRunner.java:377)
at org.testng.SuiteRunner.runSequentially(SuiteRunner.java:371)
at org.testng.SuiteRunner.privateRun(SuiteRunner.java:332)
at org.testng.SuiteRunner.run(SuiteRunner.java:276)
at org.testng.SuiteRunnerWorker.runSuite(SuiteRunnerWorker.java:53)
at org.testng.SuiteRunnerWorker.run(SuiteRunnerWorker.java:96)
at org.testng.TestNG.runSuitesSequentially(TestNG.java:1212)
at org.testng.TestNG.runSuitesLocally(TestNG.java:1134)
at org.testng.TestNG.runSuites(TestNG.java:1063)
at org.testng.TestNG.run(TestNG.java:1031)
at org.testng.remote.AbstractRemoteTestNG.run(AbstractRemoteTestNG.java:115)
at org.testng.remote.RemoteTestNG.initAndRun(RemoteTestNG.java:251)
at org.testng.remote.RemoteTestNG.main(RemoteTestNG.java:77)
]]>
            </full-stacktrace>
          </exception> <!-- java.lang.ClassCastException -->
          <reporter-output>
          </reporter-output>
        </test-method> <!-- PutSomethingInView -->
        <test-method is-config="true" signature="tearDown()[pri:0, instance:appiumdemo1.ScrollAndRadioButton@4d02f94e]" started-at="2022-07-12T19:48:01 IST" name="tearDown" finished-at="2022-07-12T19:48:09 IST" duration-ms="8793" status="PASS">
          <reporter-output>
          </reporter-output>
        </test-method> <!-- tearDown -->
      </class> <!-- appiumdemo1.ScrollAndRadioButton -->
    </test> <!-- Default test -->
  </suite> <!-- Default suite -->
</testng-results>
